2025-02-10 20:48:49,235 - INFO - === DÉBUT DE L'OPTIMISATION DU RÉSEAU D'EBOLOWA ===
2025-02-10 20:48:49,235 - INFO - Chargement du réseau...
2025-02-10 20:48:49,250 - INFO - Réseau chargé: 179 nœuds, 196 conduites
2025-02-10 20:48:49,251 - INFO - Démarrage de l'optimisation...
2025-02-10 20:50:24,930 - ERROR - Erreur dans la génération 0: list indices must be integers or slices, not str
2025-02-10 20:50:24,933 - ERROR - Erreur dans la génération 1: list indices must be integers or slices, not str
2025-02-10 20:50:24,936 - ERROR - Erreur dans la génération 2: list indices must be integers or slices, not str
2025-02-10 20:50:24,938 - ERROR - Erreur dans la génération 3: list indices must be integers or slices, not str
2025-02-10 20:50:24,941 - ERROR - Erreur dans la génération 4: list indices must be integers or slices, not str
2025-02-10 20:50:24,941 - ERROR - Aucune solution valide trouvée
2025-02-10 20:50:24,941 - INFO - Génération des rapports et visualisations...
2025-02-10 20:50:24,941 - INFO - Génération des visualisations...
2025-02-10 20:50:25,207 - ERROR - Erreur lors de l'optimisation : 'NoneType' object is not iterable
Traceback (most recent call last):
  File "/home/ramesu/Téléchargements/réseau nono/main.py", line 74, in main
    reporter.generer_visualisations()
  File "/home/ramesu/Téléchargements/réseau nono/rapports.py", line 34, in generer_visualisations
    self._plot_distribution_pressions()
  File "/home/ramesu/Téléchargements/réseau nono/rapports.py", line 64, in _plot_distribution_pressions
    for i, diametre in enumerate(self.resultats['meilleure_solution']):
TypeError: 'NoneType' object is not iterable
