2025-02-10 22:49:17,818 - INFO - === DÉBUT DE L'OPTIMISATION DU RÉSEAU D'EBOLOWA ===
2025-02-10 22:49:17,818 - INFO - Chargement du réseau...
2025-02-10 22:49:17,834 - INFO - Réseau chargé: 179 nœuds, 196 conduites
2025-02-10 22:49:17,834 - INFO - Démarrage de l'optimisation...
2025-02-10 22:50:52,430 - ERROR - Erreur dans la génération 0: list indices must be integers or slices, not str
2025-02-10 22:50:52,433 - ERROR - Erreur dans la génération 1: list indices must be integers or slices, not str
2025-02-10 22:50:52,435 - ERROR - Erreur dans la génération 2: list indices must be integers or slices, not str
2025-02-10 22:50:52,438 - ERROR - Erreur dans la génération 3: list indices must be integers or slices, not str
2025-02-10 22:50:52,440 - ERROR - Erreur dans la génération 4: list indices must be integers or slices, not str
2025-02-10 22:50:52,440 - ERROR - Aucune solution valide trouvée
2025-02-10 22:50:52,440 - INFO - Génération des rapports et visualisations...
2025-02-10 22:50:52,440 - INFO - Génération des visualisations...
2025-02-10 22:50:52,695 - ERROR - Erreur lors de l'optimisation : 'NoneType' object is not iterable
Traceback (most recent call last):
  File "/home/ramesu/Téléchargements/réseau nono/main.py", line 74, in main
    reporter.generer_visualisations()
  File "/home/ramesu/Téléchargements/réseau nono/rapports.py", line 34, in generer_visualisations
    self._plot_distribution_pressions()
  File "/home/ramesu/Téléchargements/réseau nono/rapports.py", line 64, in _plot_distribution_pressions
    for i, diametre in enumerate(self.resultats['meilleure_solution']):
TypeError: 'NoneType' object is not iterable
